# JRE version: Java(TM) SE Runtime Environment (8.0_60-b27) (build 1.8.0_60-b27)
# Java VM: Java HotSpot(TM) 64-Bit Server VM (25.60-b23 mixed mode windows-amd64 compressed oops)
Heap:
 PSYoungGen      total 81408K, used 45136K [0x00000000eab00000, 0x00000000f1200000, 0x0000000100000000)
  eden space 74752K, 55% used [0x00000000eab00000,0x00000000ed383fa8,0x00000000ef400000)
  from space 6656K, 54% used [0x00000000ef400000,0x00000000ef790060,0x00000000efa80000)
  to   space 6144K, 0% used [0x00000000f0c00000,0x00000000f0c00000,0x00000000f1200000)
 ParOldGen       total 35840K, used 7255K [0x00000000c0000000, 0x00000000c2300000, 0x00000000eab00000)
  object space 35840K, 20% used [0x00000000c0000000,0x00000000c0715c18,0x00000000c2300000)
 Metaspace       used 23792K, capacity 24604K, committed 24704K, reserved 1071104K
  class space    used 3111K, capacity 3392K, committed 3456K, reserved 1048576K
GC Heap History (10 events):
Event: 4.147 GC heap before
{Heap before GC invocations=10 (full 1):
 PSYoungGen      total 48640K, used 48585K [0x00000000eab00000, 0x00000000ef280000, 0x0000000100000000)
  eden space 47616K, 100% used [0x00000000eab00000,0x00000000ed980000,0x00000000ed980000)
  from space 1024K, 94% used [0x00000000ef180000,0x00000000ef272680,0x00000000ef280000)
  to   space 7168K, 0% used [0x00000000ee480000,0x00000000ee480000,0x00000000eeb80000)
 ParOldGen       total 35840K, used 7231K [0x00000000c0000000, 0x00000000c2300000, 0x00000000eab00000)
  object space 35840K, 20% used [0x00000000c0000000,0x00000000c070fc18,0x00000000c2300000)
 Metaspace       used 21172K, capacity 21572K, committed 21760K, reserved 1069056K
  class space    used 2893K, capacity 3018K, committed 3072K, reserved 1048576K
Event: 4.149 GC heap after
Heap after GC invocations=10 (full 1):
 PSYoungGen      total 66048K, used 848K [0x00000000eab00000, 0x00000000ef380000, 0x0000000100000000)
  eden space 58880K, 0% used [0x00000000eab00000,0x00000000eab00000,0x00000000ee480000)
  from space 7168K, 11% used [0x00000000ee480000,0x00000000ee554030,0x00000000eeb80000)
  to   space 7168K, 0% used [0x00000000eec80000,0x00000000eec80000,0x00000000ef380000)
 ParOldGen       total 35840K, used 7239K [0x00000000c0000000, 0x00000000c2300000, 0x00000000eab00000)
  object space 35840K, 20% used [0x00000000c0000000,0x00000000c0711c18,0x00000000c2300000)
 Metaspace       used 21172K, capacity 21572K, committed 21760K, reserved 1069056K
  class space    used 2893K, capacity 3018K, committed 3072K, reserved 1048576K
}
Event: 4.493 GC heap before
{Heap before GC invocations=11 (full 1):
 PSYoungGen      total 66048K, used 59728K [0x00000000eab00000, 0x00000000ef380000, 0x0000000100000000)
  eden space 58880K, 100% used [0x00000000eab00000,0x00000000ee480000,0x00000000ee480000)
  from space 7168K, 11% used [0x00000000ee480000,0x00000000ee554030,0x00000000eeb80000)
  to   space 7168K, 0% used [0x00000000eec80000,0x00000000eec80000,0x00000000ef380000)
 ParOldGen       total 35840K, used 7239K [0x00000000c0000000, 0x00000000c2300000, 0x00000000eab00000)
  object space 35840K, 20% used [0x00000000c0000000,0x00000000c0711c18,0x00000000c2300000)
 Metaspace       used 22275K, capacity 22736K, committed 22912K, reserved 1069056K
  class space    used 2991K, capacity 3148K, committed 3200K, reserved 1048576K
Event: 4.497 GC heap after
Heap after GC invocations=11 (full 1):
 PSYoungGen      total 67072K, used 2724K [0x00000000eab00000, 0x00000000f0100000, 0x0000000100000000)
  eden space 59904K, 0% used [0x00000000eab00000,0x00000000eab00000,0x00000000ee580000)
  from space 7168K, 38% used [0x00000000eec80000,0x00000000eef293c8,0x00000000ef380000)
  to   space 7168K, 0% used [0x00000000ee580000,0x00000000ee580000,0x00000000eec80000)
 ParOldGen       total 35840K, used 7247K [0x00000000c0000000, 0x00000000c2300000, 0x00000000eab00000)
  object space 35840K, 20% used [0x00000000c0000000,0x00000000c0713c18,0x00000000c2300000)
 Metaspace       used 22275K, capacity 22736K, committed 22912K, reserved 1069056K
  class space    used 2991K, capacity 3148K, committed 3200K, reserved 1048576K
}
Event: 5.136 GC heap before
{Heap before GC invocations=12 (full 1):
 PSYoungGen      total 67072K, used 62628K [0x00000000eab00000, 0x00000000f0100000, 0x0000000100000000)
  eden space 59904K, 100% used [0x00000000eab00000,0x00000000ee580000,0x00000000ee580000)
  from space 7168K, 38% used [0x00000000eec80000,0x00000000eef293c8,0x00000000ef380000)
  to   space 7168K, 0% used [0x00000000ee580000,0x00000000ee580000,0x00000000eec80000)
 ParOldGen       total 35840K, used 7247K [0x00000000c0000000, 0x00000000c2300000, 0x00000000eab00000)
  object space 35840K, 20% used [0x00000000c0000000,0x00000000c0713c18,0x00000000c2300000)
 Metaspace       used 23355K, capacity 23988K, committed 24064K, reserved 1071104K
  class space    used 3055K, capacity 3280K, committed 3328K, reserved 1048576K
Event: 5.142 GC heap after
Heap after GC invocations=12 (full 1):
 PSYoungGen      total 67072K, used 3168K [0x00000000eab00000, 0x00000000f0100000, 0x0000000100000000)
  eden space 59904K, 0% used [0x00000000eab00000,0x00000000eab00000,0x00000000ee580000)
  from space 7168K, 44% used [0x00000000ee580000,0x00000000ee898040,0x00000000eec80000)
  to   space 6656K, 0% used [0x00000000efa80000,0x00000000efa80000,0x00000000f0100000)
 ParOldGen       total 35840K, used 7247K [0x00000000c0000000, 0x00000000c2300000, 0x00000000eab00000)
  object space 35840K, 20% used [0x00000000c0000000,0x00000000c0713c18,0x00000000c2300000)
 Metaspace       used 23355K, capacity 23988K, committed 24064K, reserved 1071104K
  class space    used 3055K, capacity 3280K, committed 3328K, reserved 1048576K
}
Event: 5.470 GC heap before
{Heap before GC invocations=13 (full 1):
 PSYoungGen      total 67072K, used 63072K [0x00000000eab00000, 0x00000000f0100000, 0x0000000100000000)
  eden space 59904K, 100% used [0x00000000eab00000,0x00000000ee580000,0x00000000ee580000)
  from space 7168K, 44% used [0x00000000ee580000,0x00000000ee898040,0x00000000eec80000)
  to   space 6656K, 0% used [0x00000000efa80000,0x00000000efa80000,0x00000000f0100000)
 ParOldGen       total 35840K, used 7247K [0x00000000c0000000, 0x00000000c2300000, 0x00000000eab00000)
  object space 35840K, 20% used [0x00000000c0000000,0x00000000c0713c18,0x00000000c2300000)
 Metaspace       used 23358K, capacity 23988K, committed 24064K, reserved 1071104K
  class space    used 3055K, capacity 3280K, committed 3328K, reserved 1048576K
Event: 5.476 GC heap after
Heap after GC invocations=13 (full 1):
 PSYoungGen      total 81408K, used 3104K [0x00000000eab00000, 0x00000000f0180000, 0x0000000100000000)
  eden space 74752K, 0% used [0x00000000eab00000,0x00000000eab00000,0x00000000ef400000)
  from space 6656K, 46% used [0x00000000efa80000,0x00000000efd88040,0x00000000f0100000)
  to   space 6656K, 0% used [0x00000000ef400000,0x00000000ef400000,0x00000000efa80000)
 ParOldGen       total 35840K, used 7255K [0x00000000c0000000, 0x00000000c2300000, 0x00000000eab00000)
  object space 35840K, 20% used [0x00000000c0000000,0x00000000c0715c18,0x00000000c2300000)
 Metaspace       used 23358K, capacity 23988K, committed 24064K, reserved 1071104K
  class space    used 3055K, capacity 3280K, committed 3328K, reserved 1048576K
}
Event: 5.896 GC heap before
{Heap before GC invocations=14 (full 1):
 PSYoungGen      total 81408K, used 77856K [0x00000000eab00000, 0x00000000f0180000, 0x0000000100000000)
  eden space 74752K, 100% used [0x00000000eab00000,0x00000000ef400000,0x00000000ef400000)
  from space 6656K, 46% used [0x00000000efa80000,0x00000000efd88040,0x00000000f0100000)
  to   space 6656K, 0% used [0x00000000ef400000,0x00000000ef400000,0x00000000efa80000)
 ParOldGen       total 35840K, used 7255K [0x00000000c0000000, 0x00000000c2300000, 0x00000000eab00000)
  object space 35840K, 20% used [0x00000000c0000000,0x00000000c0715c18,0x00000000c2300000)
 Metaspace       used 23359K, capacity 23988K, committed 24064K, reserved 1071104K
  class space    used 3056K, capacity 3280K, committed 3328K, reserved 1048576K
Event: 5.900 GC heap after
Heap after GC invocations=14 (full 1):
 PSYoungGen      total 81408K, used 3648K [0x00000000eab00000, 0x00000000f1200000, 0x0000000100000000)
  eden space 74752K, 0% used [0x00000000eab00000,0x00000000eab00000,0x00000000ef400000)
  from space 6656K, 54% used [0x00000000ef400000,0x00000000ef790060,0x00000000efa80000)
  to   space 6144K, 0% used [0x00000000f0c00000,0x00000000f0c00000,0x00000000f1200000)
 ParOldGen       total 35840K, used 7255K [0x00000000c0000000, 0x00000000c2300000, 0x00000000eab00000)
  object space 35840K, 20% used [0x00000000c0000000,0x00000000c0715c18,0x00000000c2300000)
 Metaspace       used 23359K, capacity 23988K, committed 24064K, reserved 1071104K
  class space    used 3056K, capacity 3280K, committed 3328K, reserved 1048576K
}

