# JRE version: Java(TM) SE Runtime Environment (8.0_60-b27) (build 1.8.0_60-b27)
# Java VM: Java HotSpot(TM) 64-Bit Server VM (25.60-b23 mixed mode windows-amd64 compressed oops)
Heap:
 PSYoungGen      total 76800K, used 6706K [0x00000000eab00000, 0x00000000f0500000, 0x0000000100000000)
  eden space 68096K, 9% used [0x00000000eab00000,0x00000000eb18c860,0x00000000eed80000)
  from space 8704K, 0% used [0x00000000ef780000,0x00000000ef780000,0x00000000f0000000)
  to   space 10240K, 0% used [0x00000000eed80000,0x00000000eed80000,0x00000000ef780000)
 ParOldGen       total 37888K, used 19733K [0x00000000c0000000, 0x00000000c2500000, 0x00000000eab00000)
  object space 37888K, 52% used [0x00000000c0000000,0x00000000c1345480,0x00000000c2500000)
 Metaspace       used 34592K, capacity 35531K, committed 35880K, reserved 1079296K
  class space    used 4664K, capacity 5011K, committed 5160K, reserved 1048576K
GC Heap History (10 events):
Event: 6.279 GC heap before
{Heap before GC invocations=12 (full 1):
 PSYoungGen      total 65536K, used 60682K [0x00000000eab00000, 0x00000000efd00000, 0x0000000100000000)
  eden space 58368K, 100% used [0x00000000eab00000,0x00000000ee400000,0x00000000ee400000)
  from space 7168K, 32% used [0x00000000eeb00000,0x00000000eed42bf0,0x00000000ef200000)
  to   space 7168K, 0% used [0x00000000ee400000,0x00000000ee400000,0x00000000eeb00000)
 ParOldGen       total 37888K, used 8645K [0x00000000c0000000, 0x00000000c2500000, 0x00000000eab00000)
  object space 37888K, 22% used [0x00000000c0000000,0x00000000c08717b8,0x00000000c2500000)
 Metaspace       used 25989K, capacity 26674K, committed 26880K, reserved 1073152K
  class space    used 3477K, capacity 3727K, committed 3840K, reserved 1048576K
Event: 6.290 GC heap after
Heap after GC invocations=12 (full 1):
 PSYoungGen      total 65536K, used 7159K [0x00000000eab00000, 0x00000000f0000000, 0x0000000100000000)
  eden space 58368K, 0% used [0x00000000eab00000,0x00000000eab00000,0x00000000ee400000)
  from space 7168K, 99% used [0x00000000ee400000,0x00000000eeafde90,0x00000000eeb00000)
  to   space 8704K, 0% used [0x00000000ef780000,0x00000000ef780000,0x00000000f0000000)
 ParOldGen       total 37888K, used 9910K [0x00000000c0000000, 0x00000000c2500000, 0x00000000eab00000)
  object space 37888K, 26% used [0x00000000c0000000,0x00000000c09ada40,0x00000000c2500000)
 Metaspace       used 25989K, capacity 26674K, committed 26880K, reserved 1073152K
  class space    used 3477K, capacity 3727K, committed 3840K, reserved 1048576K
}
Event: 7.838 GC heap before
{Heap before GC invocations=13 (full 1):
 PSYoungGen      total 65536K, used 65527K [0x00000000eab00000, 0x00000000f0000000, 0x0000000100000000)
  eden space 58368K, 100% used [0x00000000eab00000,0x00000000ee400000,0x00000000ee400000)
  from space 7168K, 99% used [0x00000000ee400000,0x00000000eeafde90,0x00000000eeb00000)
  to   space 8704K, 0% used [0x00000000ef780000,0x00000000ef780000,0x00000000f0000000)
 ParOldGen       total 37888K, used 9910K [0x00000000c0000000, 0x00000000c2500000, 0x00000000eab00000)
  object space 37888K, 26% used [0x00000000c0000000,0x00000000c09ada40,0x00000000c2500000)
 Metaspace       used 29483K, capacity 30314K, committed 30720K, reserved 1075200K
  class space    used 3907K, capacity 4227K, committed 4352K, reserved 1048576K
Event: 7.879 GC heap after
Heap after GC invocations=13 (full 1):
 PSYoungGen      total 76800K, used 8688K [0x00000000eab00000, 0x00000000f0500000, 0x0000000100000000)
  eden space 68096K, 0% used [0x00000000eab00000,0x00000000eab00000,0x00000000eed80000)
  from space 8704K, 99% used [0x00000000ef780000,0x00000000efffc000,0x00000000f0000000)
  to   space 10240K, 0% used [0x00000000eed80000,0x00000000eed80000,0x00000000ef780000)
 ParOldGen       total 37888K, used 10640K [0x00000000c0000000, 0x00000000c2500000, 0x00000000eab00000)
  object space 37888K, 28% used [0x00000000c0000000,0x00000000c0a64118,0x00000000c2500000)
 Metaspace       used 29483K, capacity 30314K, committed 30720K, reserved 1075200K
  class space    used 3907K, capacity 4227K, committed 4352K, reserved 1048576K
}
Event: 9.343 GC heap before
{Heap before GC invocations=14 (full 1):
 PSYoungGen      total 76800K, used 76784K [0x00000000eab00000, 0x00000000f0500000, 0x0000000100000000)
  eden space 68096K, 100% used [0x00000000eab00000,0x00000000eed80000,0x00000000eed80000)
  from space 8704K, 99% used [0x00000000ef780000,0x00000000efffc000,0x00000000f0000000)
  to   space 10240K, 0% used [0x00000000eed80000,0x00000000eed80000,0x00000000ef780000)
 ParOldGen       total 37888K, used 10640K [0x00000000c0000000, 0x00000000c2500000, 0x00000000eab00000)
  object space 37888K, 28% used [0x00000000c0000000,0x00000000c0a64118,0x00000000c2500000)
 Metaspace       used 34249K, capacity 35222K, committed 35456K, reserved 1079296K
  class space    used 4607K, capacity 4989K, committed 4992K, reserved 1048576K
Event: 9.369 GC heap after
Heap after GC invocations=14 (full 1):
 PSYoungGen      total 78336K, used 10212K [0x00000000eab00000, 0x00000000f0500000, 0x0000000100000000)
  eden space 68096K, 0% used [0x00000000eab00000,0x00000000eab00000,0x00000000eed80000)
  from space 10240K, 99% used [0x00000000eed80000,0x00000000ef779030,0x00000000ef780000)
  to   space 8704K, 0% used [0x00000000ef780000,0x00000000ef780000,0x00000000f0000000)
 ParOldGen       total 37888K, used 17011K [0x00000000c0000000, 0x00000000c2500000, 0x00000000eab00000)
  object space 37888K, 44% used [0x00000000c0000000,0x00000000c109cf90,0x00000000c2500000)
 Metaspace       used 34249K, capacity 35222K, committed 35456K, reserved 1079296K
  class space    used 4607K, capacity 4989K, committed 4992K, reserved 1048576K
}
Event: 9.442 GC heap before
{Heap before GC invocations=15 (full 1):
 PSYoungGen      total 78336K, used 16912K [0x00000000eab00000, 0x00000000f0500000, 0x0000000100000000)
  eden space 68096K, 9% used [0x00000000eab00000,0x00000000eb18b0d0,0x00000000eed80000)
  from space 10240K, 99% used [0x00000000eed80000,0x00000000ef779030,0x00000000ef780000)
  to   space 8704K, 0% used [0x00000000ef780000,0x00000000ef780000,0x00000000f0000000)
 ParOldGen       total 37888K, used 17011K [0x00000000c0000000, 0x00000000c2500000, 0x00000000eab00000)
  object space 37888K, 44% used [0x00000000c0000000,0x00000000c109cf90,0x00000000c2500000)
 Metaspace       used 34380K, capacity 35419K, committed 35496K, reserved 1079296K
  class space    used 4628K, capacity 5032K, committed 5032K, reserved 1048576K
Event: 9.460 GC heap after
Heap after GC invocations=15 (full 1):
 PSYoungGen      total 76800K, used 8692K [0x00000000eab00000, 0x00000000f0500000, 0x0000000100000000)
  eden space 68096K, 0% used [0x00000000eab00000,0x00000000eab00000,0x00000000eed80000)
  from space 8704K, 99% used [0x00000000ef780000,0x00000000efffd020,0x00000000f0000000)
  to   space 10240K, 0% used [0x00000000eed80000,0x00000000eed80000,0x00000000ef780000)
 ParOldGen       total 37888K, used 19282K [0x00000000c0000000, 0x00000000c2500000, 0x00000000eab00000)
  object space 37888K, 50% used [0x00000000c0000000,0x00000000c12d4ac8,0x00000000c2500000)
 Metaspace       used 34380K, capacity 35419K, committed 35496K, reserved 1079296K
  class space    used 4628K, capacity 5032K, committed 5032K, reserved 1048576K
}
Event: 9.461 GC heap before
{Heap before GC invocations=16 (full 2):
 PSYoungGen      total 76800K, used 8692K [0x00000000eab00000, 0x00000000f0500000, 0x0000000100000000)
  eden space 68096K, 0% used [0x00000000eab00000,0x00000000eab00000,0x00000000eed80000)
  from space 8704K, 99% used [0x00000000ef780000,0x00000000efffd020,0x00000000f0000000)
  to   space 10240K, 0% used [0x00000000eed80000,0x00000000eed80000,0x00000000ef780000)
 ParOldGen       total 37888K, used 19282K [0x00000000c0000000, 0x00000000c2500000, 0x00000000eab00000)
  object space 37888K, 50% used [0x00000000c0000000,0x00000000c12d4ac8,0x00000000c2500000)
 Metaspace       used 34380K, capacity 35419K, committed 35496K, reserved 1079296K
  class space    used 4628K, capacity 5032K, committed 5032K, reserved 1048576K
Event: 9.660 GC heap after
Heap after GC invocations=16 (full 2):
 PSYoungGen      total 76800K, used 0K [0x00000000eab00000, 0x00000000f0500000, 0x0000000100000000)
  eden space 68096K, 0% used [0x00000000eab00000,0x00000000eab00000,0x00000000eed80000)
  from space 8704K, 0% used [0x00000000ef780000,0x00000000ef780000,0x00000000f0000000)
  to   space 10240K, 0% used [0x00000000eed80000,0x00000000eed80000,0x00000000ef780000)
 ParOldGen       total 37888K, used 19733K [0x00000000c0000000, 0x00000000c2500000, 0x00000000eab00000)
  object space 37888K, 52% used [0x00000000c0000000,0x00000000c1345480,0x00000000c2500000)
 Metaspace       used 34347K, capacity 35305K, committed 35496K, reserved 1079296K
  class space    used 4620K, capacity 4998K, committed 5032K, reserved 1048576K
}

