# JRE version: Java(TM) SE Runtime Environment (8.0_60-b27) (build 1.8.0_60-b27)
# Java VM: Java HotSpot(TM) 64-Bit Server VM (25.60-b23 mixed mode windows-amd64 compressed oops)
Heap:
 PSYoungGen      total 105984K, used 14713K [0x00000000eab00000, 0x00000000f3680000, 0x0000000100000000)
  eden space 92672K, 15% used [0x00000000eab00000,0x00000000eb95e498,0x00000000f0580000)
  from space 13312K, 0% used [0x00000000f2980000,0x00000000f2980000,0x00000000f3680000)
  to   space 9728K, 0% used [0x00000000f0580000,0x00000000f0580000,0x00000000f0f00000)
 ParOldGen       total 40448K, used 20091K [0x00000000c0000000, 0x00000000c2780000, 0x00000000eab00000)
  object space 40448K, 49% used [0x00000000c0000000,0x00000000c139eef0,0x00000000c2780000)
 Metaspace       used 34807K, capacity 35914K, committed 36184K, reserved 1081344K
  class space    used 4685K, capacity 5144K, committed 5248K, reserved 1048576K
GC Heap History (10 events):
Event: 8.560 GC heap before
{Heap before GC invocations=14 (full 1):
 PSYoungGen      total 82944K, used 78384K [0x00000000eab00000, 0x00000000f0400000, 0x0000000100000000)
  eden space 75264K, 100% used [0x00000000eab00000,0x00000000ef480000,0x00000000ef480000)
  from space 7680K, 40% used [0x00000000efc00000,0x00000000eff0c030,0x00000000f0380000)
  to   space 7680K, 0% used [0x00000000ef480000,0x00000000ef480000,0x00000000efc00000)
 ParOldGen       total 40448K, used 10331K [0x00000000c0000000, 0x00000000c2780000, 0x00000000eab00000)
  object space 40448K, 25% used [0x00000000c0000000,0x00000000c0a16c58,0x00000000c2780000)
 Metaspace       used 23343K, capacity 23958K, committed 24064K, reserved 1071104K
  class space    used 3053K, capacity 3275K, committed 3328K, reserved 1048576K
Event: 8.566 GC heap after
Heap after GC invocations=14 (full 1):
 PSYoungGen      total 82944K, used 3648K [0x00000000eab00000, 0x00000000f1600000, 0x0000000100000000)
  eden space 75264K, 0% used [0x00000000eab00000,0x00000000eab00000,0x00000000ef480000)
  from space 7680K, 47% used [0x00000000ef480000,0x00000000ef810040,0x00000000efc00000)
  to   space 7168K, 0% used [0x00000000f0f00000,0x00000000f0f00000,0x00000000f1600000)
 ParOldGen       total 40448K, used 10331K [0x00000000c0000000, 0x00000000c2780000, 0x00000000eab00000)
  object space 40448K, 25% used [0x00000000c0000000,0x00000000c0a16c58,0x00000000c2780000)
 Metaspace       used 23343K, capacity 23958K, committed 24064K, reserved 1071104K
  class space    used 3053K, capacity 3275K, committed 3328K, reserved 1048576K
}
Event: 9.911 GC heap before
{Heap before GC invocations=15 (full 1):
 PSYoungGen      total 82944K, used 78912K [0x00000000eab00000, 0x00000000f1600000, 0x0000000100000000)
  eden space 75264K, 100% used [0x00000000eab00000,0x00000000ef480000,0x00000000ef480000)
  from space 7680K, 47% used [0x00000000ef480000,0x00000000ef810040,0x00000000efc00000)
  to   space 7168K, 0% used [0x00000000f0f00000,0x00000000f0f00000,0x00000000f1600000)
 ParOldGen       total 40448K, used 10331K [0x00000000c0000000, 0x00000000c2780000, 0x00000000eab00000)
  object space 40448K, 25% used [0x00000000c0000000,0x00000000c0a16c58,0x00000000c2780000)
 Metaspace       used 26926K, capacity 27750K, committed 28032K, reserved 1073152K
  class space    used 3623K, capacity 3919K, committed 3968K, reserved 1048576K
Event: 9.926 GC heap after
Heap after GC invocations=15 (full 1):
 PSYoungGen      total 99840K, used 7136K [0x00000000eab00000, 0x00000000f1a80000, 0x0000000100000000)
  eden space 92672K, 0% used [0x00000000eab00000,0x00000000eab00000,0x00000000f0580000)
  from space 7168K, 99% used [0x00000000f0f00000,0x00000000f15f8040,0x00000000f1600000)
  to   space 9728K, 0% used [0x00000000f0580000,0x00000000f0580000,0x00000000f0f00000)
 ParOldGen       total 40448K, used 14113K [0x00000000c0000000, 0x00000000c2780000, 0x00000000eab00000)
  object space 40448K, 34% used [0x00000000c0000000,0x00000000c0dc8650,0x00000000c2780000)
 Metaspace       used 26926K, capacity 27750K, committed 28032K, reserved 1073152K
  class space    used 3623K, capacity 3919K, committed 3968K, reserved 1048576K
}
Event: 11.952 GC heap before
{Heap before GC invocations=16 (full 1):
 PSYoungGen      total 99840K, used 99808K [0x00000000eab00000, 0x00000000f1a80000, 0x0000000100000000)
  eden space 92672K, 100% used [0x00000000eab00000,0x00000000f0580000,0x00000000f0580000)
  from space 7168K, 99% used [0x00000000f0f00000,0x00000000f15f8040,0x00000000f1600000)
  to   space 9728K, 0% used [0x00000000f0580000,0x00000000f0580000,0x00000000f0f00000)
 ParOldGen       total 40448K, used 14113K [0x00000000c0000000, 0x00000000c2780000, 0x00000000eab00000)
  object space 40448K, 34% used [0x00000000c0000000,0x00000000c0dc8650,0x00000000c2780000)
 Metaspace       used 33452K, capacity 34530K, committed 34688K, reserved 1079296K
  class space    used 4493K, capacity 4914K, committed 4992K, reserved 1048576K
Event: 11.976 GC heap after
Heap after GC invocations=16 (full 1):
 PSYoungGen      total 102400K, used 9696K [0x00000000eab00000, 0x00000000f3680000, 0x0000000100000000)
  eden space 92672K, 0% used [0x00000000eab00000,0x00000000eab00000,0x00000000f0580000)
  from space 9728K, 99% used [0x00000000f0580000,0x00000000f0ef8040,0x00000000f0f00000)
  to   space 13312K, 0% used [0x00000000f2980000,0x00000000f2980000,0x00000000f3680000)
 ParOldGen       total 40448K, used 20629K [0x00000000c0000000, 0x00000000c2780000, 0x00000000eab00000)
  object space 40448K, 51% used [0x00000000c0000000,0x00000000c1425468,0x00000000c2780000)
 Metaspace       used 33452K, capacity 34530K, committed 34688K, reserved 1079296K
  class space    used 4493K, capacity 4914K, committed 4992K, reserved 1048576K
}
Event: 12.200 GC heap before
{Heap before GC invocations=17 (full 1):
 PSYoungGen      total 102400K, used 22571K [0x00000000eab00000, 0x00000000f3680000, 0x0000000100000000)
  eden space 92672K, 13% used [0x00000000eab00000,0x00000000eb792e68,0x00000000f0580000)
  from space 9728K, 99% used [0x00000000f0580000,0x00000000f0ef8040,0x00000000f0f00000)
  to   space 13312K, 0% used [0x00000000f2980000,0x00000000f2980000,0x00000000f3680000)
 ParOldGen       total 40448K, used 20629K [0x00000000c0000000, 0x00000000c2780000, 0x00000000eab00000)
  object space 40448K, 51% used [0x00000000c0000000,0x00000000c1425468,0x00000000c2780000)
 Metaspace       used 34232K, capacity 35328K, committed 35416K, reserved 1079296K
  class space    used 4592K, capacity 4986K, committed 4992K, reserved 1048576K
Event: 12.222 GC heap after
Heap after GC invocations=17 (full 1):
 PSYoungGen      total 105984K, used 11706K [0x00000000eab00000, 0x00000000f3680000, 0x0000000100000000)
  eden space 92672K, 0% used [0x00000000eab00000,0x00000000eab00000,0x00000000f0580000)
  from space 13312K, 87% used [0x00000000f2980000,0x00000000f34ee858,0x00000000f3680000)
  to   space 9728K, 0% used [0x00000000f0580000,0x00000000f0580000,0x00000000f0f00000)
 ParOldGen       total 40448K, used 20637K [0x00000000c0000000, 0x00000000c2780000, 0x00000000eab00000)
  object space 40448K, 51% used [0x00000000c0000000,0x00000000c1427468,0x00000000c2780000)
 Metaspace       used 34232K, capacity 35328K, committed 35416K, reserved 1079296K
  class space    used 4592K, capacity 4986K, committed 4992K, reserved 1048576K
}
Event: 12.222 GC heap before
{Heap before GC invocations=18 (full 2):
 PSYoungGen      total 105984K, used 11706K [0x00000000eab00000, 0x00000000f3680000, 0x0000000100000000)
  eden space 92672K, 0% used [0x00000000eab00000,0x00000000eab00000,0x00000000f0580000)
  from space 13312K, 87% used [0x00000000f2980000,0x00000000f34ee858,0x00000000f3680000)
  to   space 9728K, 0% used [0x00000000f0580000,0x00000000f0580000,0x00000000f0f00000)
 ParOldGen       total 40448K, used 20637K [0x00000000c0000000, 0x00000000c2780000, 0x00000000eab00000)
  object space 40448K, 51% used [0x00000000c0000000,0x00000000c1427468,0x00000000c2780000)
 Metaspace       used 34232K, capacity 35328K, committed 35416K, reserved 1079296K
  class space    used 4592K, capacity 4986K, committed 4992K, reserved 1048576K
Event: 12.404 GC heap after
Heap after GC invocations=18 (full 2):
 PSYoungGen      total 105984K, used 0K [0x00000000eab00000, 0x00000000f3680000, 0x0000000100000000)
  eden space 92672K, 0% used [0x00000000eab00000,0x00000000eab00000,0x00000000f0580000)
  from space 13312K, 0% used [0x00000000f2980000,0x00000000f2980000,0x00000000f3680000)
  to   space 9728K, 0% used [0x00000000f0580000,0x00000000f0580000,0x00000000f0f00000)
 ParOldGen       total 40448K, used 20091K [0x00000000c0000000, 0x00000000c2780000, 0x00000000eab00000)
  object space 40448K, 49% used [0x00000000c0000000,0x00000000c139eef0,0x00000000c2780000)
 Metaspace       used 34165K, capacity 35100K, committed 35416K, reserved 1079296K
  class space    used 4578K, capacity 4918K, committed 4992K, reserved 1048576K
}

