# JRE version: Java(TM) SE Runtime Environment (8.0_60-b27) (build 1.8.0_60-b27)
# Java VM: Java HotSpot(TM) 64-Bit Server VM (25.60-b23 mixed mode windows-amd64 compressed oops)
Heap:
 PSYoungGen      total 127488K, used 23299K [0x00000000eab00000, 0x00000000f3980000, 0x0000000100000000)
  eden space 118272K, 19% used [0x00000000eab00000,0x00000000ec1c0c10,0x00000000f1e80000)
  from space 9216K, 0% used [0x00000000f2b00000,0x00000000f2b00000,0x00000000f3400000)
  to   space 12800K, 0% used [0x00000000f1e80000,0x00000000f1e80000,0x00000000f2b00000)
 ParOldGen       total 60928K, used 23345K [0x00000000c0000000, 0x00000000c3b80000, 0x00000000eab00000)
  object space 60928K, 38% used [0x00000000c0000000,0x00000000c16cc440,0x00000000c3b80000)
 Metaspace       used 35119K, capacity 36184K, committed 36440K, reserved 1081344K
  class space    used 4710K, capacity 5127K, committed 5248K, reserved 1048576K
GC Heap History (10 events):
Event: 17.903 GC heap before
{Heap before GC invocations=16 (full 1):
 PSYoungGen      total 75264K, used 68800K [0x00000000eab00000, 0x00000000efc00000, 0x0000000100000000)
  eden space 68608K, 100% used [0x00000000eab00000,0x00000000eee00000,0x00000000eee00000)
  from space 6656K, 2% used [0x00000000ef580000,0x00000000ef5b0000,0x00000000efc00000)
  to   space 7168K, 0% used [0x00000000eee00000,0x00000000eee00000,0x00000000ef500000)
 ParOldGen       total 35328K, used 11870K [0x00000000c0000000, 0x00000000c2280000, 0x00000000eab00000)
  object space 35328K, 33% used [0x00000000c0000000,0x00000000c0b97878,0x00000000c2280000)
 Metaspace       used 23456K, capacity 24086K, committed 24320K, reserved 1071104K
  class space    used 3048K, capacity 3275K, committed 3328K, reserved 1048576K
Event: 17.922 GC heap after
Heap after GC invocations=16 (full 1):
 PSYoungGen      total 75776K, used 544K [0x00000000eab00000, 0x00000000f1980000, 0x0000000100000000)
  eden space 68608K, 0% used [0x00000000eab00000,0x00000000eab00000,0x00000000eee00000)
  from space 7168K, 7% used [0x00000000eee00000,0x00000000eee88020,0x00000000ef500000)
  to   space 7168K, 0% used [0x00000000f1280000,0x00000000f1280000,0x00000000f1980000)
 ParOldGen       total 35328K, used 12038K [0x00000000c0000000, 0x00000000c2280000, 0x00000000eab00000)
  object space 35328K, 34% used [0x00000000c0000000,0x00000000c0bc1878,0x00000000c2280000)
 Metaspace       used 23456K, capacity 24086K, committed 24320K, reserved 1071104K
  class space    used 3048K, capacity 3275K, committed 3328K, reserved 1048576K
}
Event: 19.112 GC heap before
{Heap before GC invocations=17 (full 1):
 PSYoungGen      total 75776K, used 69152K [0x00000000eab00000, 0x00000000f1980000, 0x0000000100000000)
  eden space 68608K, 100% used [0x00000000eab00000,0x00000000eee00000,0x00000000eee00000)
  from space 7168K, 7% used [0x00000000eee00000,0x00000000eee88020,0x00000000ef500000)
  to   space 7168K, 0% used [0x00000000f1280000,0x00000000f1280000,0x00000000f1980000)
 ParOldGen       total 35328K, used 12038K [0x00000000c0000000, 0x00000000c2280000, 0x00000000eab00000)
  object space 35328K, 34% used [0x00000000c0000000,0x00000000c0bc1878,0x00000000c2280000)
 Metaspace       used 23614K, capacity 24214K, committed 24320K, reserved 1071104K
  class space    used 3058K, capacity 3275K, committed 3328K, reserved 1048576K
Event: 19.120 GC heap after
Heap after GC invocations=17 (full 1):
 PSYoungGen      total 101888K, used 819K [0x00000000eab00000, 0x00000000f1700000, 0x0000000100000000)
  eden space 97280K, 0% used [0x00000000eab00000,0x00000000eab00000,0x00000000f0a00000)
  from space 4608K, 17% used [0x00000000f1280000,0x00000000f134cc80,0x00000000f1700000)
  to   space 6656K, 0% used [0x00000000f0a00000,0x00000000f0a00000,0x00000000f1080000)
 ParOldGen       total 35328K, used 12526K [0x00000000c0000000, 0x00000000c2280000, 0x00000000eab00000)
  object space 35328K, 35% used [0x00000000c0000000,0x00000000c0c3b8d8,0x00000000c2280000)
 Metaspace       used 23614K, capacity 24214K, committed 24320K, reserved 1071104K
  class space    used 3058K, capacity 3275K, committed 3328K, reserved 1048576K
}
Event: 24.066 GC heap before
{Heap before GC invocations=18 (full 1):
 PSYoungGen      total 101888K, used 98099K [0x00000000eab00000, 0x00000000f1700000, 0x0000000100000000)
  eden space 97280K, 100% used [0x00000000eab00000,0x00000000f0a00000,0x00000000f0a00000)
  from space 4608K, 17% used [0x00000000f1280000,0x00000000f134cc80,0x00000000f1700000)
  to   space 6656K, 0% used [0x00000000f0a00000,0x00000000f0a00000,0x00000000f1080000)
 ParOldGen       total 35328K, used 12526K [0x00000000c0000000, 0x00000000c2280000, 0x00000000eab00000)
  object space 35328K, 35% used [0x00000000c0000000,0x00000000c0c3b8d8,0x00000000c2280000)
 Metaspace       used 29514K, capacity 30424K, committed 30592K, reserved 1075200K
  class space    used 3886K, capacity 4210K, committed 4224K, reserved 1048576K
Event: 24.081 GC heap after
Heap after GC invocations=18 (full 1):
 PSYoungGen      total 103936K, used 6639K [0x00000000eab00000, 0x00000000f3400000, 0x0000000100000000)
  eden space 97280K, 0% used [0x00000000eab00000,0x00000000eab00000,0x00000000f0a00000)
  from space 6656K, 99% used [0x00000000f0a00000,0x00000000f107bd58,0x00000000f1080000)
  to   space 9216K, 0% used [0x00000000f2b00000,0x00000000f2b00000,0x00000000f3400000)
 ParOldGen       total 35328K, used 16296K [0x00000000c0000000, 0x00000000c2280000, 0x00000000eab00000)
  object space 35328K, 46% used [0x00000000c0000000,0x00000000c0fea228,0x00000000c2280000)
 Metaspace       used 29514K, capacity 30424K, committed 30592K, reserved 1075200K
  class space    used 3886K, capacity 4210K, committed 4224K, reserved 1048576K
}
Event: 26.772 GC heap before
{Heap before GC invocations=19 (full 1):
 PSYoungGen      total 103936K, used 73860K [0x00000000eab00000, 0x00000000f3400000, 0x0000000100000000)
  eden space 97280K, 69% used [0x00000000eab00000,0x00000000eeca5358,0x00000000f0a00000)
  from space 6656K, 99% used [0x00000000f0a00000,0x00000000f107bd58,0x00000000f1080000)
  to   space 9216K, 0% used [0x00000000f2b00000,0x00000000f2b00000,0x00000000f3400000)
 ParOldGen       total 35328K, used 16296K [0x00000000c0000000, 0x00000000c2280000, 0x00000000eab00000)
  object space 35328K, 46% used [0x00000000c0000000,0x00000000c0fea228,0x00000000c2280000)
 Metaspace       used 34327K, capacity 35392K, committed 35416K, reserved 1079296K
  class space    used 4585K, capacity 4986K, committed 4992K, reserved 1048576K
Event: 26.794 GC heap after
Heap after GC invocations=19 (full 1):
 PSYoungGen      total 127488K, used 9187K [0x00000000eab00000, 0x00000000f3980000, 0x0000000100000000)
  eden space 118272K, 0% used [0x00000000eab00000,0x00000000eab00000,0x00000000f1e80000)
  from space 9216K, 99% used [0x00000000f2b00000,0x00000000f33f8ee0,0x00000000f3400000)
  to   space 12800K, 0% used [0x00000000f1e80000,0x00000000f1e80000,0x00000000f2b00000)
 ParOldGen       total 35328K, used 21463K [0x00000000c0000000, 0x00000000c2280000, 0x00000000eab00000)
  object space 35328K, 60% used [0x00000000c0000000,0x00000000c14f5fb0,0x00000000c2280000)
 Metaspace       used 34327K, capacity 35392K, committed 35416K, reserved 1079296K
  class space    used 4585K, capacity 4986K, committed 4992K, reserved 1048576K
}
Event: 26.794 GC heap before
{Heap before GC invocations=20 (full 2):
 PSYoungGen      total 127488K, used 9187K [0x00000000eab00000, 0x00000000f3980000, 0x0000000100000000)
  eden space 118272K, 0% used [0x00000000eab00000,0x00000000eab00000,0x00000000f1e80000)
  from space 9216K, 99% used [0x00000000f2b00000,0x00000000f33f8ee0,0x00000000f3400000)
  to   space 12800K, 0% used [0x00000000f1e80000,0x00000000f1e80000,0x00000000f2b00000)
 ParOldGen       total 35328K, used 21463K [0x00000000c0000000, 0x00000000c2280000, 0x00000000eab00000)
  object space 35328K, 60% used [0x00000000c0000000,0x00000000c14f5fb0,0x00000000c2280000)
 Metaspace       used 34327K, capacity 35392K, committed 35416K, reserved 1079296K
  class space    used 4585K, capacity 4986K, committed 4992K, reserved 1048576K
Event: 26.969 GC heap after
Heap after GC invocations=20 (full 2):
 PSYoungGen      total 127488K, used 0K [0x00000000eab00000, 0x00000000f3980000, 0x0000000100000000)
  eden space 118272K, 0% used [0x00000000eab00000,0x00000000eab00000,0x00000000f1e80000)
  from space 9216K, 0% used [0x00000000f2b00000,0x00000000f2b00000,0x00000000f3400000)
  to   space 12800K, 0% used [0x00000000f1e80000,0x00000000f1e80000,0x00000000f2b00000)
 ParOldGen       total 60928K, used 23345K [0x00000000c0000000, 0x00000000c3b80000, 0x00000000eab00000)
  object space 60928K, 38% used [0x00000000c0000000,0x00000000c16cc440,0x00000000c3b80000)
 Metaspace       used 34260K, capacity 35164K, committed 35416K, reserved 1079296K
  class space    used 4571K, capacity 4918K, committed 4992K, reserved 1048576K
}

